<?xml version="1.0" encoding="UTF-8"?>
<!-- Generated by org.testng.reporters.JUnitReportReporter -->
<testsuite hostname="EEE1607157" failures="0" tests="9" name="com.qa.test.LoginTest" time="174.123" errors="0" timestamp="2025-08-09T11:58:26 IST" skipped="0">
  <testcase classname="com.qa.test.LoginTest" name="testOHRMlogo" time="22.058"/>
  <testcase classname="com.qa.test.LoginTest" name="testWithValidLoginCredentials" time="20.777"/>
  <testcase classname="com.qa.test.LoginTest" name="testLoginWithInvalidUsername" time="12.160"/>
  <testcase classname="com.qa.test.LoginTest" name="testLoginWithInvalidPassword" time="20.400"/>
  <testcase classname="com.qa.test.LoginTest" name="testLoginWithBlankUsernameAndPassword" time="13.654"/>
  <testcase classname="com.qa.test.LoginTest" name="testLoginWithBlankUsernameOnly" time="14.708"/>
  <testcase classname="com.qa.test.LoginTest" name="testLoginWithBlankPasswordOnly" time="37.654"/>
  <testcase classname="com.qa.test.LoginTest" name="testLoginWithSpacesInCredentials" time="15.624"/>
  <testcase classname="com.qa.test.LoginTest" name="testLoginFailsWithCaseSensitiveCredentials" time="17.088"/>
</testsuite> <!-- com.qa.test.LoginTest -->
